Generating:
Red: mean [10, 0, 20, 10, 10] std [10, 3, 1, 2, 3]
Blue: mean [0, 10, 10, 2, 2] std [2, 10, 2, 4, 3]

ME is here
Learning points: 2000
Iteration: 20
No MAP

Iteration #0
Error rate:  59.15 %
Error rate inversed:  40.85 %
Guesses:
Red: mean [ 3.31702826  5.54165925 14.26181804  5.31272221  5.27632855] std [30.01554392 32.63785729 40.3753552  31.49537679 31.4189337 ]
Blue: mean [17.32652017  1.35578634 19.82829665 10.31015194 11.01817885] std [31.83371059 46.68928353 28.03513444 37.55022026 36.89370413]

Iteration #1
Error rate:  51.05 %
Error rate inversed:  48.95 %
Guesses:
Red: mean [ 4.58107654  5.25947785 14.71619618  5.74790892  5.80366153] std [8.73654445 8.93108769 5.27967777 5.10731169 5.00174173]
Blue: mean [ 6.13754621  4.54661405 15.45886226  6.34392269  6.41756612] std [14.67445708  9.27825136  6.80541921  6.37891927  6.77454578]

Iteration #2
Error rate:  70.95 %
Error rate inversed:  29.05 %
Guesses:
Red: mean [ 3.31867078  5.96545946 14.11447464  5.31710416  5.27193991] std [6.94497251 9.20515284 5.182676   4.94955977 4.71484799]
Blue: mean [ 7.8683218   3.56949084 16.28378512  6.9307698   7.14900046] std [11.04324182  8.21065769  5.21123557  5.12934636  5.23745009]

Iteration #3
Error rate:  99.15 %
Error rate inversed:  0.85 %
Guesses:
Red: mean [ 0.99496329  8.41626145 11.95552958  3.45385464  3.46602735] std [ 4.85202056 10.28478025  4.89668206  5.13582297  4.55641652]
Blue: mean [ 9.86923209  1.14141835 18.41494875  8.80423229  8.92341206] std [10.69197341  5.68253831  4.40837297  4.12852024  4.52135006]

Iteration #4
Error rate:  99.95 %
Error rate inversed:  0.05 %
Guesses:
Red: mean [-0.09607525  9.82603236 10.16505576  2.07724931  2.12603709] std [ 2.38869951 10.09466572  2.96679273  4.22247668  3.37770848]
Blue: mean [10.49878797  0.10596341 19.87723671  9.90817445  9.98478893] std [10.13028211  3.20384665  2.14981272  2.4118618   3.20639959]

Iteration #5
Error rate:  100.0 %
Error rate inversed:  0.0 %
Guesses:
Red: mean [-0.13028326  9.89511662  9.98532934  1.98984363  2.04716169] std [2.0110522  9.98852873 1.94797741 3.90344396 3.00908726]
Blue: mean [10.4907793   0.07561957 20.01822636  9.96436114 10.03233662] std [10.10101955  2.95494312  1.08737711  2.05340625  2.95322327]

Iteration #6
Error rate:  100.0 %
Error rate inversed:  0.0 %
Guesses:
Red: mean [-0.13048246  9.89600422  9.98534572  1.99048138  2.04799799] std [2.01046263 9.98675936 1.93827998 3.90255622 3.00842579]
Blue: mean [10.49230015  0.07351007 20.01945845  9.96471571 10.03249398] std [10.10077507  2.95306297  1.07488396  2.0526806   2.95337205]

Iteration #7
Error rate:  100.0 %
Error rate inversed:  0.0 %
Guesses:
Red: mean [-0.13048295  9.89600358  9.98534988  1.9904865   2.04800163] std [2.01046167 9.98675436 1.93828451 3.90255885 3.00842692]
Blue: mean [10.49230915  0.07350283 20.01946234  9.96471699 10.03249674] std [10.10077405  2.95305564  1.07487533  2.0526808   2.95337193]

Iteration #8
Error rate:  100.0 %
Error rate inversed:  0.0 %
Guesses:
Red: mean [-0.13048295  9.89600357  9.98534989  1.99048651  2.04800164] std [2.01046167 9.98675436 1.93828453 3.90255886 3.00842692]
Blue: mean [10.49230917  0.07350282 20.01946234  9.96471699 10.03249674] std [10.10077405  2.95305564  1.07487532  2.0526808   2.95337192]

Iteration #9
Error rate:  100.0 %
Error rate inversed:  0.0 %
Guesses:
Red: mean [-0.13048295  9.89600357  9.98534989  1.99048651  2.04800164] std [2.01046167 9.98675436 1.93828453 3.90255886 3.00842692]
Blue: mean [10.49230917  0.07350282 20.01946234  9.96471699 10.03249674] std [10.10077405  2.95305564  1.07487532  2.0526808   2.95337192]

Iteration #10
Error rate:  100.0 %
Error rate inversed:  0.0 %
Guesses:
Red: mean [-0.13048295  9.89600357  9.98534989  1.99048651  2.04800164] std [2.01046167 9.98675436 1.93828453 3.90255886 3.00842692]
Blue: mean [10.49230917  0.07350282 20.01946234  9.96471699 10.03249674] std [10.10077405  2.95305564  1.07487532  2.0526808   2.95337192]

Iteration #11
Error rate:  100.0 %
Error rate inversed:  0.0 %
Guesses:
Red: mean [-0.13048295  9.89600357  9.98534989  1.99048651  2.04800164] std [2.01046167 9.98675436 1.93828453 3.90255886 3.00842692]
Blue: mean [10.49230917  0.07350282 20.01946234  9.96471699 10.03249674] std [10.10077405  2.95305564  1.07487532  2.0526808   2.95337192]

Iteration #12
Error rate:  100.0 %
Error rate inversed:  0.0 %
Guesses:
Red: mean [-0.13048295  9.89600357  9.98534989  1.99048651  2.04800164] std [2.01046167 9.98675436 1.93828453 3.90255886 3.00842692]
Blue: mean [10.49230917  0.07350282 20.01946234  9.96471699 10.03249674] std [10.10077405  2.95305564  1.07487532  2.0526808   2.95337192]

Iteration #13
Error rate:  100.0 %
Error rate inversed:  0.0 %
Guesses:
Red: mean [-0.13048295  9.89600357  9.98534989  1.99048651  2.04800164] std [2.01046167 9.98675436 1.93828453 3.90255886 3.00842692]
Blue: mean [10.49230917  0.07350282 20.01946234  9.96471699 10.03249674] std [10.10077405  2.95305564  1.07487532  2.0526808   2.95337192]

Iteration #14
Error rate:  100.0 %
Error rate inversed:  0.0 %
Guesses:
Red: mean [-0.13048295  9.89600357  9.98534989  1.99048651  2.04800164] std [2.01046167 9.98675436 1.93828453 3.90255886 3.00842692]
Blue: mean [10.49230917  0.07350282 20.01946234  9.96471699 10.03249674] std [10.10077405  2.95305564  1.07487532  2.0526808   2.95337192]

Iteration #15
Error rate:  100.0 %
Error rate inversed:  0.0 %
Guesses:
Red: mean [-0.13048295  9.89600357  9.98534989  1.99048651  2.04800164] std [2.01046167 9.98675436 1.93828453 3.90255886 3.00842692]
Blue: mean [10.49230917  0.07350282 20.01946234  9.96471699 10.03249674] std [10.10077405  2.95305564  1.07487532  2.0526808   2.95337192]

Iteration #16
Error rate:  100.0 %
Error rate inversed:  0.0 %
Guesses:
Red: mean [-0.13048295  9.89600357  9.98534989  1.99048651  2.04800164] std [2.01046167 9.98675436 1.93828453 3.90255886 3.00842692]
Blue: mean [10.49230917  0.07350282 20.01946234  9.96471699 10.03249674] std [10.10077405  2.95305564  1.07487532  2.0526808   2.95337192]

Iteration #17
Error rate:  100.0 %
Error rate inversed:  0.0 %
Guesses:
Red: mean [-0.13048295  9.89600357  9.98534989  1.99048651  2.04800164] std [2.01046167 9.98675436 1.93828453 3.90255886 3.00842692]
Blue: mean [10.49230917  0.07350282 20.01946234  9.96471699 10.03249674] std [10.10077405  2.95305564  1.07487532  2.0526808   2.95337192]

Iteration #18
Error rate:  100.0 %
Error rate inversed:  0.0 %
Guesses:
Red: mean [-0.13048295  9.89600357  9.98534989  1.99048651  2.04800164] std [2.01046167 9.98675436 1.93828453 3.90255886 3.00842692]
Blue: mean [10.49230917  0.07350282 20.01946234  9.96471699 10.03249674] std [10.10077405  2.95305564  1.07487532  2.0526808   2.95337192]

Iteration #19
Error rate:  100.0 %
Error rate inversed:  0.0 %
Guesses:
Red: mean [-0.13048295  9.89600357  9.98534989  1.99048651  2.04800164] std [2.01046167 9.98675436 1.93828453 3.90255886 3.00842692]
Blue: mean [10.49230917  0.07350282 20.01946234  9.96471699 10.03249674] std [10.10077405  2.95305564  1.07487532  2.0526808   2.95337192]

