Generating:
Red: mean [10, 0, 20, 10, 10] std [10, 3, 1, 2, 3]
Blue: mean [0, 10, 10, 2, 2] std [2, 10, 2, 4, 3]

ME is here
Learning points: 2000
Iteration: 20
Using MAP with weight 100.0

Iteration #0
Error rate:  59.15 %
Error rate inversed:  40.85 %
Guesses:
Red: mean [12.68685002  2.88930307 19.32263225  8.50874809 12.98952147] std [30.01554392 32.63785729 40.3753552  31.49537679 31.4189337 ]
Blue: mean [-0.94697328 23.43497707 10.45273206  3.24254649  0.78932246] std [31.83371059 46.68928353 28.03513444 37.55022026 36.89370413]

Iteration #1
Error rate:  44.85 %
Error rate inversed:  55.15 %
Guesses:
Red: mean [ 9.60264442  3.73378371 15.95387423  6.87837415  9.18178331] std [11.5314315   8.47931167  6.48245405  5.41742862  8.19998201]
Blue: mean [ 1.84266209 18.84700985 13.69665458  4.77574268  3.72578852] std [ 9.68832146 19.73199641  6.47159802  5.55012092  6.77381855]

Iteration #2
Error rate:  2.8 %
Guesses:
Red: mean [11.01582116  1.40060302 17.96731756  8.45923088  9.24688827] std [10.06602997  5.43453009  4.71404726  4.23832439  4.4450464 ]
Blue: mean [ 0.22472181 17.36308671 11.12745035  2.84055119  2.52247789] std [ 4.27110917 13.75660331  4.56555852  4.9953004   3.92615522]

Iteration #3
Error rate:  0.3 %
Guesses:
Red: mean [12.27475887  0.22789024 19.80217119  9.80700522 10.27800241] std [10.13191488  3.31312263  2.58108028  2.62210948  3.13647251]
Blue: mean [-0.17480093 16.23640079  9.99684982  2.07903307  1.88032114] std [ 2.06029679 12.38095263  2.33766299  3.99773675  3.0388097 ]

Iteration #4
Error rate:  0.05 %
Guesses:
Red: mean [12.47742642  0.1653331  20.01313386  9.93039996 10.36086395] std [10.26008046  2.96345041  1.13139713  2.05854271  2.9657598 ]
Blue: mean [-0.16608975 15.75916831  9.97199506  2.11717212  1.92562736] std [ 2.01190779 11.82959853  1.93190443  3.89751028  3.00434324]

Iteration #5
Error rate:  0.0 %
Guesses:
Red: mean [12.49963249  0.15727188 20.02368739  9.93288169 10.36649662] std [10.29402021  2.95454856  1.07497619  2.05296302  2.97160205]
Blue: mean [-0.16527104 15.60371407  9.97765742  2.12696733  1.93379003] std [ 2.01078487 11.58067929  1.93824001  3.90457457  3.01090429]

Iteration #6
Error rate:  0.0 %
Guesses:
Red: mean [12.50081611  0.15720015 20.0237284   9.93289507 10.36666568] std [10.29830113  2.95424738  1.07488821  2.05292718  2.97220326]
Blue: mean [-0.16526858 15.55790678  9.97771494  2.12704688  1.93384539] std [ 2.01076276 11.50274452  1.93828911  3.90494087  3.01059378]

Iteration #7
Error rate:  0.0 %
Guesses:
Red: mean [12.50087571  0.15719959 20.02372856  9.93289514 10.36666968] std [10.29853177  2.954245    1.07488799  2.05292697  2.97222239]
Blue: mean [-0.16526863 15.54456834  9.97771505  2.12704718  1.93384571] std [ 2.01076266 11.4800833   1.93828893  3.9049437   3.01059179]

Iteration #8
Error rate:  0.0 %
Guesses:
Red: mean [12.50087874  0.15719949 20.02372859  9.93289515 10.36666978] std [10.29854336  2.95424491  1.07488792  2.05292696  2.97222289]
Blue: mean [-0.16526865 15.5406967   9.97771506  2.12704719  1.93384575] std [ 2.01076264 11.47351064  1.9382889   3.90494371  3.0105918 ]

Iteration #9
Error rate:  0.0 %
Guesses:
Red: mean [12.5008789   0.15719946 20.0237286   9.93289516 10.36666978] std [10.29854395  2.95424489  1.0748879   2.05292696  2.97222291]
Blue: mean [-0.16526865 15.53957395  9.97771506  2.1270472   1.93384576] std [ 2.01076264 11.47160504  1.93828889  3.90494371  3.01059181]

Iteration #10
Error rate:  0.0 %
Guesses:
Red: mean [12.50087891  0.15719945 20.0237286   9.93289516 10.36666978] std [10.29854397  2.95424488  1.07488789  2.05292696  2.97222292]
Blue: mean [-0.16526865 15.53924845  9.97771506  2.1270472   1.93384576] std [ 2.01076264 11.47105262  1.93828889  3.90494371  3.01059181]

Iteration #11
Error rate:  0.0 %
Guesses:
Red: mean [12.50087891  0.15719945 20.0237286   9.93289516 10.36666978] std [10.29854398  2.95424488  1.07488789  2.05292696  2.97222292]
Blue: mean [-0.16526866 15.53915409  9.97771506  2.1270472   1.93384576] std [ 2.01076264 11.47089248  1.93828889  3.90494371  3.01059181]

Iteration #12
Error rate:  0.0 %
Guesses:
Red: mean [12.50087891  0.15719945 20.0237286   9.93289516 10.36666978] std [10.29854398  2.95424488  1.07488789  2.05292696  2.97222292]
Blue: mean [-0.16526866 15.53912674  9.97771506  2.1270472   1.93384576] std [ 2.01076264 11.47084606  1.93828889  3.90494371  3.01059181]

Iteration #13
Error rate:  0.0 %
Guesses:
Red: mean [12.50087891  0.15719945 20.02372861  9.93289516 10.36666978] std [10.29854398  2.95424488  1.07488789  2.05292696  2.97222292]
Blue: mean [-0.16526866 15.53911881  9.97771506  2.1270472   1.93384576] std [ 2.01076264 11.4708326   1.93828889  3.90494371  3.01059181]

Iteration #14
Error rate:  0.0 %
Guesses:
Red: mean [12.50087891  0.15719945 20.02372861  9.93289516 10.36666978] std [10.29854398  2.95424488  1.07488789  2.05292696  2.97222292]
Blue: mean [-0.16526866 15.53911651  9.97771506  2.1270472   1.93384576] std [ 2.01076264 11.4708287   1.93828889  3.90494371  3.01059181]

Iteration #15
Error rate:  0.0 %
Guesses:
Red: mean [12.50087891  0.15719945 20.02372861  9.93289516 10.36666978] std [10.29854398  2.95424488  1.07488789  2.05292696  2.97222292]
Blue: mean [-0.16526866 15.53911584  9.97771506  2.1270472   1.93384576] std [ 2.01076264 11.47082757  1.93828889  3.90494371  3.01059181]

Iteration #16
Error rate:  0.0 %
Guesses:
Red: mean [12.50087891  0.15719945 20.02372861  9.93289516 10.36666978] std [10.29854398  2.95424488  1.07488789  2.05292696  2.97222292]
Blue: mean [-0.16526866 15.53911565  9.97771506  2.1270472   1.93384576] std [ 2.01076264 11.47082724  1.93828889  3.90494371  3.01059181]

Iteration #17
Error rate:  0.0 %
Guesses:
Red: mean [12.50087891  0.15719945 20.02372861  9.93289516 10.36666978] std [10.29854398  2.95424488  1.07488789  2.05292696  2.97222292]
Blue: mean [-0.16526866 15.53911559  9.97771506  2.1270472   1.93384576] std [ 2.01076264 11.47082715  1.93828889  3.90494371  3.01059181]

Iteration #18
Error rate:  0.0 %
Guesses:
Red: mean [12.50087891  0.15719945 20.02372861  9.93289516 10.36666978] std [10.29854398  2.95424488  1.07488789  2.05292696  2.97222292]
Blue: mean [-0.16526866 15.53911558  9.97771506  2.1270472   1.93384576] std [ 2.01076264 11.47082712  1.93828889  3.90494371  3.01059181]

Iteration #19
Error rate:  0.0 %
Guesses:
Red: mean [12.50087891  0.15719945 20.02372861  9.93289516 10.36666978] std [10.29854398  2.95424488  1.07488789  2.05292696  2.97222292]
Blue: mean [-0.16526866 15.53911557  9.97771506  2.1270472   1.93384576] std [ 2.01076264 11.47082711  1.93828889  3.90494371  3.01059181]

